[debug] [2025-01-23T15:02:24.788Z] ----------------------------------------------------------------------
[debug] [2025-01-23T15:02:24.800Z] Command:       C:\Program Files\nodejs\node.exe C:\Users\hp\AppData\Roaming\npm\node_modules\firebase-tools\lib\bin\firebase.js emulators:start --only functions
[debug] [2025-01-23T15:02:24.802Z] CLI Version:   13.29.1
[debug] [2025-01-23T15:02:24.803Z] Platform:      win32
[debug] [2025-01-23T15:02:24.803Z] Node Version:  v20.18.0
[debug] [2025-01-23T15:02:24.804Z] Time:          Thu Jan 23 2025 07:02:24 GMT-0800 (Pacific Standard Time)
[debug] [2025-01-23T15:02:24.805Z] ----------------------------------------------------------------------
[debug] 
[debug] [2025-01-23T15:02:25.318Z] > command requires scopes: ["email","openid","https://www.googleapis.com/auth/cloudplatformprojects.readonly","https://www.googleapis.com/auth/firebase","https://www.googleapis.com/auth/cloud-platform"]
[debug] [2025-01-23T15:02:25.320Z] > authorizing via signed-in user (natichangeagain@gmail.com)
[info] i  emulators: Starting emulators: functions {"metadata":{"emulator":{"name":"hub"},"message":"Starting emulators: functions"}}
[debug] [2025-01-23T15:02:25.358Z] [logging] Logging Emulator only supports listening on one address (127.0.0.1). Not listening on ::1
[debug] [2025-01-23T15:02:25.359Z] assigned listening specs for emulators {"user":{"hub":[{"address":"127.0.0.1","family":"IPv4","port":4400},{"address":"::1","family":"IPv6","port":4400}],"ui":[{"address":"127.0.0.1","family":"IPv4","port":4000},{"address":"::1","family":"IPv6","port":4000}],"logging":[{"address":"127.0.0.1","family":"IPv4","port":4500}]},"metadata":{"message":"assigned listening specs for emulators"}}
[debug] [2025-01-23T15:02:25.370Z] [hub] writing locator at C:\Users\hp\AppData\Local\Temp\hub-clone-3c260.json
[debug] [2025-01-23T15:02:25.428Z] [functions] Functions Emulator only supports listening on one address (127.0.0.1). Not listening on ::1
[debug] [2025-01-23T15:02:25.428Z] [eventarc] Eventarc Emulator only supports listening on one address (127.0.0.1). Not listening on ::1
[debug] [2025-01-23T15:02:25.428Z] [tasks] Cloud Tasks Emulator only supports listening on one address (127.0.0.1). Not listening on ::1
[debug] [2025-01-23T15:02:25.429Z] late-assigned ports for functions and eventarc emulators {"user":{"hub":[{"address":"127.0.0.1","family":"IPv4","port":4400},{"address":"::1","family":"IPv6","port":4400}],"ui":[{"address":"127.0.0.1","family":"IPv4","port":4000},{"address":"::1","family":"IPv6","port":4000}],"logging":[{"address":"127.0.0.1","family":"IPv4","port":4500}],"functions":[{"address":"127.0.0.1","family":"IPv4","port":5001}],"eventarc":[{"address":"127.0.0.1","family":"IPv4","port":9299}],"tasks":[{"address":"127.0.0.1","family":"IPv4","port":9499}]},"metadata":{"message":"late-assigned ports for functions and eventarc emulators"}}
[warn] !  functions: The following emulators are not running, calls to these services from the Functions emulator will affect production: apphosting, auth, firestore, database, hosting, pubsub, storage, dataconnect {"metadata":{"emulator":{"name":"functions"},"message":"The following emulators are not running, calls to these services from the Functions emulator will affect production: \u001b[1mapphosting, auth, firestore, database, hosting, pubsub, storage, dataconnect\u001b[22m"}}
[debug] [2025-01-23T15:02:25.439Z] defaultcredentials: writing to file C:\Users\hp\AppData\Roaming\firebase\natichangeagain_gmail_com_application_default_credentials.json
[debug] [2025-01-23T15:02:25.444Z] Setting GAC to C:\Users\hp\AppData\Roaming\firebase\natichangeagain_gmail_com_application_default_credentials.json {"metadata":{"emulator":{"name":"functions"},"message":"Setting GAC to C:\\Users\\hp\\AppData\\Roaming\\firebase\\natichangeagain_gmail_com_application_default_credentials.json"}}
[debug] [2025-01-23T15:02:25.445Z] Checked if tokens are valid: false, expires at: 1737632347254
[debug] [2025-01-23T15:02:25.446Z] Checked if tokens are valid: false, expires at: 1737632347254
[debug] [2025-01-23T15:02:25.446Z] > refreshing access token with scopes: []
[debug] [2025-01-23T15:02:25.449Z] >>> [apiv2][query] POST https://www.googleapis.com/oauth2/v3/token [none]
[debug] [2025-01-23T15:02:25.449Z] >>> [apiv2][body] POST https://www.googleapis.com/oauth2/v3/token [omitted]
[debug] [2025-01-23T15:02:26.444Z] <<< [apiv2][status] POST https://www.googleapis.com/oauth2/v3/token 200
[debug] [2025-01-23T15:02:26.444Z] <<< [apiv2][body] POST https://www.googleapis.com/oauth2/v3/token [omitted]
[debug] [2025-01-23T15:02:26.469Z] >>> [apiv2][query] GET https://firebase.googleapis.com/v1beta1/projects/clone-3c260/adminSdkConfig [none]
[debug] [2025-01-23T15:02:27.148Z] <<< [apiv2][status] GET https://firebase.googleapis.com/v1beta1/projects/clone-3c260/adminSdkConfig 200
[debug] [2025-01-23T15:02:27.148Z] <<< [apiv2][body] GET https://firebase.googleapis.com/v1beta1/projects/clone-3c260/adminSdkConfig {"projectId":"clone-3c260","databaseURL":"https://clone-3c260-default-rtdb.firebaseio.com","storageBucket":"clone-3c260.firebasestorage.app"}
[info] i  functions: Watching "C:\Users\hp\Documents\evangadi\Phase-4\Amazon-Clone-2024\amazon-clone\functions" for Cloud Functions... {"metadata":{"emulator":{"name":"functions"},"message":"Watching \"C:\\Users\\hp\\Documents\\evangadi\\Phase-4\\Amazon-Clone-2024\\amazon-clone\\functions\" for Cloud Functions..."}}
[debug] [2025-01-23T15:02:27.256Z] Validating nodejs source
[debug] [2025-01-23T15:02:31.173Z] > [functions] package.json contents: {
  "name": "functions",
  "description": "Cloud Functions for Firebase",
  "scripts": {
    "serve": "firebase emulators:start --only functions",
    "shell": "firebase functions:shell",
    "start": "npm run shell",
    "deploy": "firebase deploy --only functions",
    "logs": "firebase functions:log"
  },
  "engines": {
    "node": "22"
  },
  "main": "index.js",
  "dependencies": {
    "cors": "^2.8.5",
    "dotenv": "^16.4.7",
    "express": "^4.21.2",
    "firebase-admin": "^12.6.0",
    "firebase-functions": "^6.0.1",
    "stripe": "^17.5.0"
  },
  "devDependencies": {
    "firebase-functions-test": "^3.1.0"
  },
  "private": true
}
[debug] [2025-01-23T15:02:31.174Z] Building nodejs source
[debug] [2025-01-23T15:02:31.175Z] Failed to find version of module node: reached end of search path C:\Users\hp\Documents\evangadi\Phase-4\Amazon-Clone-2024\amazon-clone\functions\node_modules
[warn] !  functions: Your requested "node" version "22" doesn't match your global version "20". Using node@20 from host. 
[info] i  functions: Loaded environment variables from .env. 
[debug] [2025-01-23T15:02:31.191Z] Could not find functions.yaml. Must use http discovery
[debug] [2025-01-23T15:02:31.213Z] Found firebase-functions binary at 'C:\Users\hp\Documents\evangadi\Phase-4\Amazon-Clone-2024\amazon-clone\functions\node_modules\.bin\firebase-functions'
[info] Serving at port 8374

